[0.009s] Invoking command in '/home/bhoomika/ros2_ws/src/robotic_arm_description/build/robotic_arm_description': CMAKE_PREFIX_PATH=${CMAKE_PREFIX_PATH}:/home/bhoomika/pico_ws2/install/crsf_ros2:/home/bhoomika/ros2_workspace/install/my_robot_controller:/opt/ros/humble /usr/bin/cmake /home/bhoomika/ros2_ws/src/robotic_arm_description -DCMAKE_INSTALL_PREFIX=/home/bhoomika/ros2_ws/src/robotic_arm_description/install/robotic_arm_description
[0.077s] -- The C compiler identification is GNU 11.4.0
[0.142s] -- The CXX compiler identification is GNU 11.4.0
[0.150s] -- Detecting C compiler ABI info
[0.216s] -- Detecting C compiler ABI info - done
[0.221s] -- Check for working C compiler: /usr/bin/cc - skipped
[0.221s] -- Detecting C compile features
[0.222s] -- Detecting C compile features - done
[0.224s] -- Detecting CXX compiler ABI info
[0.296s] -- Detecting CXX compiler ABI info - done
[0.301s] -- Check for working CXX compiler: /usr/bin/c++ - skipped
[0.301s] -- Detecting CXX compile features
[0.302s] -- Detecting CXX compile features - done
[0.304s] -- Found ament_cmake: 1.3.11 (/opt/ros/humble/share/ament_cmake/cmake)
[0.432s] -- Found Python3: /usr/bin/python3 (found version "3.10.12") found components: Interpreter 
[0.516s] -- Found urdf: 2.6.1 (/opt/ros/humble/share/urdf/cmake)
[0.561s] -- Found xacro: 2.0.13 (/opt/ros/humble/share/xacro/cmake)
[0.563s] -- Found ament_lint_auto: 0.12.12 (/opt/ros/humble/share/ament_lint_auto/cmake)
[0.629s] -- Added test 'cppcheck' to perform static code analysis on C / C++ code
[0.629s] -- Configured cppcheck include dirs: 
[0.629s] -- Configured cppcheck exclude dirs and/or files: 
[0.630s] -- Added test 'flake8' to check Python code syntax and style conventions
[0.631s] -- Added test 'lint_cmake' to check CMake code style
[0.632s] -- Added test 'pep257' to check Python code against some of the docstring style conventions in PEP 257
[0.635s] -- Added test 'uncrustify' to check C / C++ code style
[0.635s] -- Configured uncrustify additional arguments: 
[0.636s] -- Added test 'xmllint' to check XML markup files
[0.637s] -- Configuring done
[0.638s] -- Generating done
[0.639s] -- Build files have been written to: /home/bhoomika/ros2_ws/src/robotic_arm_description/build/robotic_arm_description
[0.644s] Invoked command in '/home/bhoomika/ros2_ws/src/robotic_arm_description/build/robotic_arm_description' returned '0': CMAKE_PREFIX_PATH=${CMAKE_PREFIX_PATH}:/home/bhoomika/pico_ws2/install/crsf_ros2:/home/bhoomika/ros2_workspace/install/my_robot_controller:/opt/ros/humble /usr/bin/cmake /home/bhoomika/ros2_ws/src/robotic_arm_description -DCMAKE_INSTALL_PREFIX=/home/bhoomika/ros2_ws/src/robotic_arm_description/install/robotic_arm_description
[0.647s] Invoking command in '/home/bhoomika/ros2_ws/src/robotic_arm_description/build/robotic_arm_description': CMAKE_PREFIX_PATH=${CMAKE_PREFIX_PATH}:/home/bhoomika/pico_ws2/install/crsf_ros2:/home/bhoomika/ros2_workspace/install/my_robot_controller:/opt/ros/humble /usr/bin/cmake --build /home/bhoomika/ros2_ws/src/robotic_arm_description/build/robotic_arm_description -- -j20 -l20
[0.686s] Invoked command in '/home/bhoomika/ros2_ws/src/robotic_arm_description/build/robotic_arm_description' returned '0': CMAKE_PREFIX_PATH=${CMAKE_PREFIX_PATH}:/home/bhoomika/pico_ws2/install/crsf_ros2:/home/bhoomika/ros2_workspace/install/my_robot_controller:/opt/ros/humble /usr/bin/cmake --build /home/bhoomika/ros2_ws/src/robotic_arm_description/build/robotic_arm_description -- -j20 -l20
[0.696s] Invoking command in '/home/bhoomika/ros2_ws/src/robotic_arm_description/build/robotic_arm_description': CMAKE_PREFIX_PATH=${CMAKE_PREFIX_PATH}:/home/bhoomika/pico_ws2/install/crsf_ros2:/home/bhoomika/ros2_workspace/install/my_robot_controller:/opt/ros/humble /usr/bin/cmake --install /home/bhoomika/ros2_ws/src/robotic_arm_description/build/robotic_arm_description
[0.703s] -- Install configuration: ""
[0.703s] -- Installing: /home/bhoomika/ros2_ws/src/robotic_arm_description/install/robotic_arm_description/share/robotic_arm_description/launch
[0.703s] -- Installing: /home/bhoomika/ros2_ws/src/robotic_arm_description/install/robotic_arm_description/share/robotic_arm_description/launch/display.launch.py
[0.703s] -- Installing: /home/bhoomika/ros2_ws/src/robotic_arm_description/install/robotic_arm_description/share/robotic_arm_description/meshes
[0.703s] -- Installing: /home/bhoomika/ros2_ws/src/robotic_arm_description/install/robotic_arm_description/share/robotic_arm_description/meshes/visual
[0.703s] -- Installing: /home/bhoomika/ros2_ws/src/robotic_arm_description/install/robotic_arm_description/share/robotic_arm_description/meshes/visual/left_gripper.stl
[0.704s] -- Installing: /home/bhoomika/ros2_ws/src/robotic_arm_description/install/robotic_arm_description/share/robotic_arm_description/meshes/visual/right_front_wheel.stl
[0.704s] -- Installing: /home/bhoomika/ros2_ws/src/robotic_arm_description/install/robotic_arm_description/share/robotic_arm_description/meshes/visual/arm_link_2.stl
[0.704s] -- Installing: /home/bhoomika/ros2_ws/src/robotic_arm_description/install/robotic_arm_description/share/robotic_arm_description/meshes/visual/gripper_base.stl
[0.705s] -- Installing: /home/bhoomika/ros2_ws/src/robotic_arm_description/install/robotic_arm_description/share/robotic_arm_description/meshes/visual/arm_link_1.stl
[0.705s] -- Installing: /home/bhoomika/ros2_ws/src/robotic_arm_description/install/robotic_arm_description/share/robotic_arm_description/meshes/visual/gear_gripper_left.stl
[0.705s] -- Installing: /home/bhoomika/ros2_ws/src/robotic_arm_description/install/robotic_arm_description/share/robotic_arm_description/meshes/visual/lead_screw.stl
[0.705s] -- Installing: /home/bhoomika/ros2_ws/src/robotic_arm_description/install/robotic_arm_description/share/robotic_arm_description/meshes/visual/arm_link_3.stl
[0.706s] -- Installing: /home/bhoomika/ros2_ws/src/robotic_arm_description/install/robotic_arm_description/share/robotic_arm_description/meshes/visual/gripper_holder_link.stl
[0.706s] -- Installing: /home/bhoomika/ros2_ws/src/robotic_arm_description/install/robotic_arm_description/share/robotic_arm_description/meshes/visual/gripper_holder_base.stl
[0.706s] -- Installing: /home/bhoomika/ros2_ws/src/robotic_arm_description/install/robotic_arm_description/share/robotic_arm_description/meshes/visual/right_back_wheel.stl
[0.706s] -- Installing: /home/bhoomika/ros2_ws/src/robotic_arm_description/install/robotic_arm_description/share/robotic_arm_description/meshes/visual/base_link.stl
[0.707s] -- Installing: /home/bhoomika/ros2_ws/src/robotic_arm_description/install/robotic_arm_description/share/robotic_arm_description/meshes/visual/right_gripper.stl
[0.707s] -- Installing: /home/bhoomika/ros2_ws/src/robotic_arm_description/install/robotic_arm_description/share/robotic_arm_description/meshes/visual/left_back_wheel.stl
[0.707s] -- Installing: /home/bhoomika/ros2_ws/src/robotic_arm_description/install/robotic_arm_description/share/robotic_arm_description/meshes/visual/left_front_wheel.stl
[0.707s] -- Installing: /home/bhoomika/ros2_ws/src/robotic_arm_description/install/robotic_arm_description/share/robotic_arm_description/meshes/collision
[0.707s] -- Installing: /home/bhoomika/ros2_ws/src/robotic_arm_description/install/robotic_arm_description/share/robotic_arm_description/urdf
[0.707s] -- Installing: /home/bhoomika/ros2_ws/src/robotic_arm_description/install/robotic_arm_description/share/robotic_arm_description/urdf/robotic_arm.urdf.xacro
[0.707s] -- Installing: /home/bhoomika/ros2_ws/src/robotic_arm_description/install/robotic_arm_description/share/robotic_arm_description/urdf/materials.xacro
[0.707s] -- Installing: /home/bhoomika/ros2_ws/src/robotic_arm_description/install/robotic_arm_description/share/robotic_arm_description/rviz
[0.707s] -- Installing: /home/bhoomika/ros2_ws/src/robotic_arm_description/install/robotic_arm_description/share/ament_index/resource_index/package_run_dependencies/robotic_arm_description
[0.707s] -- Installing: /home/bhoomika/ros2_ws/src/robotic_arm_description/install/robotic_arm_description/share/ament_index/resource_index/parent_prefix_path/robotic_arm_description
[0.707s] -- Installing: /home/bhoomika/ros2_ws/src/robotic_arm_description/install/robotic_arm_description/share/robotic_arm_description/environment/ament_prefix_path.sh
[0.708s] -- Installing: /home/bhoomika/ros2_ws/src/robotic_arm_description/install/robotic_arm_description/share/robotic_arm_description/environment/ament_prefix_path.dsv
[0.708s] -- Installing: /home/bhoomika/ros2_ws/src/robotic_arm_description/install/robotic_arm_description/share/robotic_arm_description/environment/path.sh
[0.708s] -- Installing: /home/bhoomika/ros2_ws/src/robotic_arm_description/install/robotic_arm_description/share/robotic_arm_description/environment/path.dsv
[0.708s] -- Installing: /home/bhoomika/ros2_ws/src/robotic_arm_description/install/robotic_arm_description/share/robotic_arm_description/local_setup.bash
[0.708s] -- Installing: /home/bhoomika/ros2_ws/src/robotic_arm_description/install/robotic_arm_description/share/robotic_arm_description/local_setup.sh
[0.708s] -- Installing: /home/bhoomika/ros2_ws/src/robotic_arm_description/install/robotic_arm_description/share/robotic_arm_description/local_setup.zsh
[0.708s] -- Installing: /home/bhoomika/ros2_ws/src/robotic_arm_description/install/robotic_arm_description/share/robotic_arm_description/local_setup.dsv
[0.708s] -- Installing: /home/bhoomika/ros2_ws/src/robotic_arm_description/install/robotic_arm_description/share/robotic_arm_description/package.dsv
[0.708s] -- Installing: /home/bhoomika/ros2_ws/src/robotic_arm_description/install/robotic_arm_description/share/ament_index/resource_index/packages/robotic_arm_description
[0.708s] -- Installing: /home/bhoomika/ros2_ws/src/robotic_arm_description/install/robotic_arm_description/share/robotic_arm_description/cmake/robotic_arm_descriptionConfig.cmake
[0.708s] -- Installing: /home/bhoomika/ros2_ws/src/robotic_arm_description/install/robotic_arm_description/share/robotic_arm_description/cmake/robotic_arm_descriptionConfig-version.cmake
[0.708s] -- Installing: /home/bhoomika/ros2_ws/src/robotic_arm_description/install/robotic_arm_description/share/robotic_arm_description/package.xml
[0.710s] Invoked command in '/home/bhoomika/ros2_ws/src/robotic_arm_description/build/robotic_arm_description' returned '0': CMAKE_PREFIX_PATH=${CMAKE_PREFIX_PATH}:/home/bhoomika/pico_ws2/install/crsf_ros2:/home/bhoomika/ros2_workspace/install/my_robot_controller:/opt/ros/humble /usr/bin/cmake --install /home/bhoomika/ros2_ws/src/robotic_arm_description/build/robotic_arm_description
