-- Install configuration: ""
-- Up-to-date: /home/bhoomika/ros2_ws/src/robotic_arm_description/install/robotic_arm_description/share/robotic_arm_description/launch
-- Installing: /home/bhoomika/ros2_ws/src/robotic_arm_description/install/robotic_arm_description/share/robotic_arm_description/launch/display.launch.py
-- Up-to-date: /home/bhoomika/ros2_ws/src/robotic_arm_description/install/robotic_arm_description/share/robotic_arm_description/meshes
-- Up-to-date: /home/bhoomika/ros2_ws/src/robotic_arm_description/install/robotic_arm_description/share/robotic_arm_description/meshes/visual
-- Up-to-date: /home/bhoomika/ros2_ws/src/robotic_arm_description/install/robotic_arm_description/share/robotic_arm_description/meshes/visual/left_gripper.stl
-- Up-to-date: /home/bhoomika/ros2_ws/src/robotic_arm_description/install/robotic_arm_description/share/robotic_arm_description/meshes/visual/right_front_wheel.stl
-- Up-to-date: /home/bhoomika/ros2_ws/src/robotic_arm_description/install/robotic_arm_description/share/robotic_arm_description/meshes/visual/arm_link_2.stl
-- Up-to-date: /home/bhoomika/ros2_ws/src/robotic_arm_description/install/robotic_arm_description/share/robotic_arm_description/meshes/visual/gripper_base.stl
-- Up-to-date: /home/bhoomika/ros2_ws/src/robotic_arm_description/install/robotic_arm_description/share/robotic_arm_description/meshes/visual/arm_link_1.stl
-- Up-to-date: /home/bhoomika/ros2_ws/src/robotic_arm_description/install/robotic_arm_description/share/robotic_arm_description/meshes/visual/gear_gripper_left.stl
-- Up-to-date: /home/bhoomika/ros2_ws/src/robotic_arm_description/install/robotic_arm_description/share/robotic_arm_description/meshes/visual/lead_screw.stl
-- Up-to-date: /home/bhoomika/ros2_ws/src/robotic_arm_description/install/robotic_arm_description/share/robotic_arm_description/meshes/visual/arm_link_3.stl
-- Up-to-date: /home/bhoomika/ros2_ws/src/robotic_arm_description/install/robotic_arm_description/share/robotic_arm_description/meshes/visual/gripper_holder_link.stl
-- Up-to-date: /home/bhoomika/ros2_ws/src/robotic_arm_description/install/robotic_arm_description/share/robotic_arm_description/meshes/visual/gripper_holder_base.stl
-- Up-to-date: /home/bhoomika/ros2_ws/src/robotic_arm_description/install/robotic_arm_description/share/robotic_arm_description/meshes/visual/right_back_wheel.stl
-- Up-to-date: /home/bhoomika/ros2_ws/src/robotic_arm_description/install/robotic_arm_description/share/robotic_arm_description/meshes/visual/base_link.stl
-- Up-to-date: /home/bhoomika/ros2_ws/src/robotic_arm_description/install/robotic_arm_description/share/robotic_arm_description/meshes/visual/right_gripper.stl
-- Up-to-date: /home/bhoomika/ros2_ws/src/robotic_arm_description/install/robotic_arm_description/share/robotic_arm_description/meshes/visual/left_back_wheel.stl
-- Up-to-date: /home/bhoomika/ros2_ws/src/robotic_arm_description/install/robotic_arm_description/share/robotic_arm_description/meshes/visual/left_front_wheel.stl
-- Up-to-date: /home/bhoomika/ros2_ws/src/robotic_arm_description/install/robotic_arm_description/share/robotic_arm_description/meshes/collision
-- Up-to-date: /home/bhoomika/ros2_ws/src/robotic_arm_description/install/robotic_arm_description/share/robotic_arm_description/urdf
-- Up-to-date: /home/bhoomika/ros2_ws/src/robotic_arm_description/install/robotic_arm_description/share/robotic_arm_description/urdf/robotic_arm.urdf.xacro
-- Up-to-date: /home/bhoomika/ros2_ws/src/robotic_arm_description/install/robotic_arm_description/share/robotic_arm_description/urdf/materials.xacro
-- Up-to-date: /home/bhoomika/ros2_ws/src/robotic_arm_description/install/robotic_arm_description/share/robotic_arm_description/rviz
-- Up-to-date: /home/bhoomika/ros2_ws/src/robotic_arm_description/install/robotic_arm_description/share/ament_index/resource_index/package_run_dependencies/robotic_arm_description
-- Up-to-date: /home/bhoomika/ros2_ws/src/robotic_arm_description/install/robotic_arm_description/share/ament_index/resource_index/parent_prefix_path/robotic_arm_description
-- Up-to-date: /home/bhoomika/ros2_ws/src/robotic_arm_description/install/robotic_arm_description/share/robotic_arm_description/environment/ament_prefix_path.sh
-- Up-to-date: /home/bhoomika/ros2_ws/src/robotic_arm_description/install/robotic_arm_description/share/robotic_arm_description/environment/ament_prefix_path.dsv
-- Up-to-date: /home/bhoomika/ros2_ws/src/robotic_arm_description/install/robotic_arm_description/share/robotic_arm_description/environment/path.sh
-- Up-to-date: /home/bhoomika/ros2_ws/src/robotic_arm_description/install/robotic_arm_description/share/robotic_arm_description/environment/path.dsv
-- Up-to-date: /home/bhoomika/ros2_ws/src/robotic_arm_description/install/robotic_arm_description/share/robotic_arm_description/local_setup.bash
-- Up-to-date: /home/bhoomika/ros2_ws/src/robotic_arm_description/install/robotic_arm_description/share/robotic_arm_description/local_setup.sh
-- Up-to-date: /home/bhoomika/ros2_ws/src/robotic_arm_description/install/robotic_arm_description/share/robotic_arm_description/local_setup.zsh
-- Up-to-date: /home/bhoomika/ros2_ws/src/robotic_arm_description/install/robotic_arm_description/share/robotic_arm_description/local_setup.dsv
-- Up-to-date: /home/bhoomika/ros2_ws/src/robotic_arm_description/install/robotic_arm_description/share/robotic_arm_description/package.dsv
-- Up-to-date: /home/bhoomika/ros2_ws/src/robotic_arm_description/install/robotic_arm_description/share/ament_index/resource_index/packages/robotic_arm_description
-- Up-to-date: /home/bhoomika/ros2_ws/src/robotic_arm_description/install/robotic_arm_description/share/robotic_arm_description/cmake/robotic_arm_descriptionConfig.cmake
-- Up-to-date: /home/bhoomika/ros2_ws/src/robotic_arm_description/install/robotic_arm_description/share/robotic_arm_description/cmake/robotic_arm_descriptionConfig-version.cmake
-- Up-to-date: /home/bhoomika/ros2_ws/src/robotic_arm_description/install/robotic_arm_description/share/robotic_arm_description/package.xml
